{"/Users/Huayunlong/jsprojects/mars_rover_app/rover/Plateau.js": {"path":"/Users/Huayunlong/jsprojects/mars_rover_app/rover/Plateau.js","statementMap":{"0":{"start":{"line":4,"column":4},"end":{"line":4,"column":26}},"1":{"start":{"line":5,"column":4},"end":{"line":5,"column":25}},"2":{"start":{"line":9,"column":4},"end":{"line":9,"column":52}}},"fnMap":{"0":{"name":"(anonymous_0)","decl":{"start":{"line":3,"column":2},"end":{"line":3,"column":3}},"loc":{"start":{"line":3,"column":32},"end":{"line":6,"column":3}},"line":3},"1":{"name":"(anonymous_1)","decl":{"start":{"line":8,"column":2},"end":{"line":8,"column":3}},"loc":{"start":{"line":8,"column":13},"end":{"line":10,"column":3}},"line":8}},"branchMap":{},"s":{"0":2,"1":2,"2":1},"f":{"0":2,"1":1},"b":{},"_coverageSchema":"1a1c01bbd47fc00a2c39e90264f33305004495a9","hash":"27c655f3ce193ccd8d59e92df4de91cb7ef01540"}
,"/Users/Huayunlong/jsprojects/mars_rover_app/rover/Rover.js": {"path":"/Users/Huayunlong/jsprojects/mars_rover_app/rover/Rover.js","statementMap":{"0":{"start":{"line":4,"column":4},"end":{"line":4,"column":21}},"1":{"start":{"line":5,"column":4},"end":{"line":5,"column":35}},"2":{"start":{"line":6,"column":4},"end":{"line":6,"column":28}},"3":{"start":{"line":10,"column":4},"end":{"line":10,"column":49}},"4":{"start":{"line":11,"column":4},"end":{"line":11,"column":37}},"5":{"start":{"line":15,"column":4},"end":{"line":27,"column":5}},"6":{"start":{"line":17,"column":8},"end":{"line":17,"column":29}},"7":{"start":{"line":18,"column":8},"end":{"line":18,"column":14}},"8":{"start":{"line":20,"column":8},"end":{"line":20,"column":29}},"9":{"start":{"line":21,"column":8},"end":{"line":21,"column":14}},"10":{"start":{"line":23,"column":8},"end":{"line":23,"column":29}},"11":{"start":{"line":24,"column":8},"end":{"line":24,"column":14}},"12":{"start":{"line":26,"column":8},"end":{"line":26,"column":29}},"13":{"start":{"line":31,"column":19},"end":{"line":31,"column":44}},"14":{"start":{"line":33,"column":4},"end":{"line":41,"column":5}},"15":{"start":{"line":34,"column":20},"end":{"line":34,"column":57}},"16":{"start":{"line":35,"column":6},"end":{"line":35,"column":44}},"17":{"start":{"line":36,"column":11},"end":{"line":41,"column":5}},"18":{"start":{"line":37,"column":20},"end":{"line":37,"column":53}},"19":{"start":{"line":38,"column":6},"end":{"line":38,"column":44}},"20":{"start":{"line":40,"column":6},"end":{"line":40,"column":52}},"21":{"start":{"line":45,"column":4},"end":{"line":45,"column":89}}},"fnMap":{"0":{"name":"(anonymous_0)","decl":{"start":{"line":3,"column":2},"end":{"line":3,"column":3}},"loc":{"start":{"line":3,"column":20},"end":{"line":7,"column":3}},"line":3},"1":{"name":"(anonymous_1)","decl":{"start":{"line":9,"column":2},"end":{"line":9,"column":3}},"loc":{"start":{"line":9,"column":44},"end":{"line":12,"column":3}},"line":9},"2":{"name":"(anonymous_2)","decl":{"start":{"line":14,"column":2},"end":{"line":14,"column":3}},"loc":{"start":{"line":14,"column":9},"end":{"line":28,"column":3}},"line":14},"3":{"name":"(anonymous_3)","decl":{"start":{"line":30,"column":2},"end":{"line":30,"column":3}},"loc":{"start":{"line":30,"column":19},"end":{"line":42,"column":3}},"line":30},"4":{"name":"(anonymous_4)","decl":{"start":{"line":44,"column":2},"end":{"line":44,"column":3}},"loc":{"start":{"line":44,"column":13},"end":{"line":46,"column":3}},"line":44}},"branchMap":{"0":{"loc":{"start":{"line":15,"column":4},"end":{"line":27,"column":5}},"type":"switch","locations":[{"start":{"line":16,"column":6},"end":{"line":18,"column":14}},{"start":{"line":19,"column":6},"end":{"line":21,"column":14}},{"start":{"line":22,"column":6},"end":{"line":24,"column":14}},{"start":{"line":25,"column":6},"end":{"line":26,"column":29}}],"line":15},"1":{"loc":{"start":{"line":33,"column":4},"end":{"line":41,"column":5}},"type":"if","locations":[{"start":{"line":33,"column":4},"end":{"line":41,"column":5}},{"start":{"line":36,"column":11},"end":{"line":41,"column":5}}],"line":33},"2":{"loc":{"start":{"line":36,"column":11},"end":{"line":41,"column":5}},"type":"if","locations":[{"start":{"line":36,"column":11},"end":{"line":41,"column":5}},{"start":{"line":39,"column":11},"end":{"line":41,"column":5}}],"line":36}},"s":{"0":9,"1":9,"2":9,"3":7,"4":7,"5":4,"6":1,"7":1,"8":1,"9":1,"10":1,"11":1,"12":1,"13":2,"14":2,"15":1,"16":1,"17":1,"18":1,"19":1,"20":0,"21":11},"f":{"0":9,"1":7,"2":4,"3":2,"4":11},"b":{"0":[1,1,1,1],"1":[1,1],"2":[1,0]},"_coverageSchema":"1a1c01bbd47fc00a2c39e90264f33305004495a9","hash":"4e3a634ccf56e098198ed5928334230b5741fb7e"}
,"/Users/Huayunlong/jsprojects/mars_rover_app/stdio/dataValidation.js": {"path":"/Users/Huayunlong/jsprojects/mars_rover_app/stdio/dataValidation.js","statementMap":{"0":{"start":{"line":2,"column":19},"end":{"line":33,"column":1}},"1":{"start":{"line":3,"column":23},"end":{"line":3,"column":38}},"2":{"start":{"line":4,"column":24},"end":{"line":4,"column":38}},"3":{"start":{"line":6,"column":20},"end":{"line":6,"column":31}},"4":{"start":{"line":7,"column":4},"end":{"line":7,"column":31}},"5":{"start":{"line":10,"column":20},"end":{"line":10,"column":38}},"6":{"start":{"line":11,"column":17},"end":{"line":11,"column":33}},"7":{"start":{"line":12,"column":4},"end":{"line":17,"column":5}},"8":{"start":{"line":13,"column":6},"end":{"line":16,"column":7}},"9":{"start":{"line":15,"column":8},"end":{"line":15,"column":20}},"10":{"start":{"line":18,"column":4},"end":{"line":18,"column":17}},"11":{"start":{"line":21,"column":24},"end":{"line":21,"column":39}},"12":{"start":{"line":22,"column":20},"end":{"line":22,"column":30}},"13":{"start":{"line":23,"column":4},"end":{"line":30,"column":5}},"14":{"start":{"line":24,"column":6},"end":{"line":28,"column":7}},"15":{"start":{"line":25,"column":8},"end":{"line":27,"column":9}},"16":{"start":{"line":26,"column":10},"end":{"line":26,"column":23}},"17":{"start":{"line":29,"column":6},"end":{"line":29,"column":18}},"18":{"start":{"line":31,"column":4},"end":{"line":31,"column":17}},"19":{"start":{"line":35,"column":21},"end":{"line":69,"column":1}},"20":{"start":{"line":36,"column":18},"end":{"line":36,"column":43}},"21":{"start":{"line":37,"column":10},"end":{"line":37,"column":19}},"22":{"start":{"line":37,"column":25},"end":{"line":37,"column":34}},"23":{"start":{"line":37,"column":42},"end":{"line":37,"column":51}},"24":{"start":{"line":38,"column":2},"end":{"line":67,"column":3}},"25":{"start":{"line":38,"column":15},"end":{"line":38,"column":16}},"26":{"start":{"line":39,"column":4},"end":{"line":66,"column":5}},"27":{"start":{"line":41,"column":8},"end":{"line":54,"column":9}},"28":{"start":{"line":43,"column":12},"end":{"line":43,"column":19}},"29":{"start":{"line":44,"column":12},"end":{"line":44,"column":18}},"30":{"start":{"line":46,"column":12},"end":{"line":46,"column":19}},"31":{"start":{"line":47,"column":12},"end":{"line":47,"column":18}},"32":{"start":{"line":49,"column":12},"end":{"line":49,"column":19}},"33":{"start":{"line":50,"column":12},"end":{"line":50,"column":18}},"34":{"start":{"line":52,"column":12},"end":{"line":52,"column":19}},"35":{"start":{"line":53,"column":12},"end":{"line":53,"column":18}},"36":{"start":{"line":55,"column":8},"end":{"line":58,"column":9}},"37":{"start":{"line":56,"column":10},"end":{"line":56,"column":82}},"38":{"start":{"line":57,"column":10},"end":{"line":57,"column":23}},"39":{"start":{"line":59,"column":8},"end":{"line":59,"column":14}},"40":{"start":{"line":61,"column":8},"end":{"line":61,"column":56}},"41":{"start":{"line":62,"column":8},"end":{"line":62,"column":14}},"42":{"start":{"line":64,"column":8},"end":{"line":64,"column":52}},"43":{"start":{"line":65,"column":8},"end":{"line":65,"column":14}},"44":{"start":{"line":68,"column":2},"end":{"line":68,"column":14}}},"fnMap":{"0":{"name":"(anonymous_0)","decl":{"start":{"line":3,"column":12},"end":{"line":3,"column":13}},"loc":{"start":{"line":3,"column":23},"end":{"line":3,"column":38}},"line":3},"1":{"name":"(anonymous_1)","decl":{"start":{"line":4,"column":13},"end":{"line":4,"column":14}},"loc":{"start":{"line":4,"column":24},"end":{"line":4,"column":38}},"line":4},"2":{"name":"(anonymous_2)","decl":{"start":{"line":5,"column":15},"end":{"line":5,"column":16}},"loc":{"start":{"line":5,"column":26},"end":{"line":8,"column":3}},"line":5},"3":{"name":"(anonymous_3)","decl":{"start":{"line":9,"column":12},"end":{"line":9,"column":13}},"loc":{"start":{"line":9,"column":38},"end":{"line":19,"column":3}},"line":9},"4":{"name":"(anonymous_4)","decl":{"start":{"line":20,"column":17},"end":{"line":20,"column":18}},"loc":{"start":{"line":20,"column":72},"end":{"line":32,"column":3}},"line":20},"5":{"name":"(anonymous_5)","decl":{"start":{"line":35,"column":21},"end":{"line":35,"column":22}},"loc":{"start":{"line":35,"column":52},"end":{"line":69,"column":1}},"line":35}},"branchMap":{"0":{"loc":{"start":{"line":9,"column":20},"end":{"line":9,"column":33}},"type":"default-arg","locations":[{"start":{"line":9,"column":27},"end":{"line":9,"column":33}}],"line":9},"1":{"loc":{"start":{"line":12,"column":4},"end":{"line":17,"column":5}},"type":"if","locations":[{"start":{"line":12,"column":4},"end":{"line":17,"column":5}},{"start":{},"end":{}}],"line":12},"2":{"loc":{"start":{"line":13,"column":6},"end":{"line":16,"column":7}},"type":"if","locations":[{"start":{"line":13,"column":6},"end":{"line":16,"column":7}},{"start":{},"end":{}}],"line":13},"3":{"loc":{"start":{"line":13,"column":10},"end":{"line":14,"column":53}},"type":"binary-expr","locations":[{"start":{"line":13,"column":11},"end":{"line":13,"column":24}},{"start":{"line":13,"column":28},"end":{"line":13,"column":54}},{"start":{"line":14,"column":9},"end":{"line":14,"column":22}},{"start":{"line":14,"column":26},"end":{"line":14,"column":52}}],"line":13},"4":{"loc":{"start":{"line":20,"column":25},"end":{"line":20,"column":52}},"type":"default-arg","locations":[{"start":{"line":20,"column":41},"end":{"line":20,"column":52}}],"line":20},"5":{"loc":{"start":{"line":20,"column":54},"end":{"line":20,"column":67}},"type":"default-arg","locations":[{"start":{"line":20,"column":61},"end":{"line":20,"column":67}}],"line":20},"6":{"loc":{"start":{"line":23,"column":4},"end":{"line":30,"column":5}},"type":"if","locations":[{"start":{"line":23,"column":4},"end":{"line":30,"column":5}},{"start":{},"end":{}}],"line":23},"7":{"loc":{"start":{"line":24,"column":6},"end":{"line":28,"column":7}},"type":"if","locations":[{"start":{"line":24,"column":6},"end":{"line":28,"column":7}},{"start":{},"end":{}}],"line":24},"8":{"loc":{"start":{"line":25,"column":8},"end":{"line":27,"column":9}},"type":"if","locations":[{"start":{"line":25,"column":8},"end":{"line":27,"column":9}},{"start":{},"end":{}}],"line":25},"9":{"loc":{"start":{"line":39,"column":4},"end":{"line":66,"column":5}},"type":"switch","locations":[{"start":{"line":40,"column":6},"end":{"line":59,"column":14}},{"start":{"line":60,"column":6},"end":{"line":62,"column":14}},{"start":{"line":63,"column":6},"end":{"line":65,"column":14}}],"line":39},"10":{"loc":{"start":{"line":41,"column":8},"end":{"line":54,"column":9}},"type":"switch","locations":[{"start":{"line":42,"column":10},"end":{"line":44,"column":18}},{"start":{"line":45,"column":10},"end":{"line":47,"column":18}},{"start":{"line":48,"column":10},"end":{"line":50,"column":18}},{"start":{"line":51,"column":10},"end":{"line":53,"column":18}}],"line":41},"11":{"loc":{"start":{"line":55,"column":8},"end":{"line":58,"column":9}},"type":"if","locations":[{"start":{"line":55,"column":8},"end":{"line":58,"column":9}},{"start":{},"end":{}}],"line":55},"12":{"loc":{"start":{"line":55,"column":12},"end":{"line":55,"column":38}},"type":"binary-expr","locations":[{"start":{"line":55,"column":12},"end":{"line":55,"column":23}},{"start":{"line":55,"column":27},"end":{"line":55,"column":38}}],"line":55}},"s":{"0":1,"1":2,"2":2,"3":3,"4":3,"5":5,"6":5,"7":5,"8":1,"9":1,"10":4,"11":3,"12":3,"13":3,"14":2,"15":2,"16":1,"17":1,"18":1,"19":1,"20":2,"21":2,"22":2,"23":2,"24":2,"25":2,"26":24,"27":19,"28":15,"29":15,"30":2,"31":2,"32":0,"33":0,"34":2,"35":2,"36":19,"37":1,"38":1,"39":18,"40":2,"41":2,"42":3,"43":3,"44":1},"f":{"0":2,"1":2,"2":3,"3":5,"4":3,"5":2},"b":{"0":[5],"1":[1,4],"2":[1,0],"3":[1,0,0,0],"4":[0],"5":[0],"6":[2,1],"7":[2,0],"8":[1,1],"9":[19,2,3],"10":[15,2,0,2],"11":[1,18],"12":[19,18]},"_coverageSchema":"1a1c01bbd47fc00a2c39e90264f33305004495a9","hash":"9930f7caf99b58eecd07b2d3eeb0f1330400322c"}
}
