TN:
SF:rover/Plateau.js
FN:3,(anonymous_0)
FN:8,(anonymous_1)
FNF:2
FNH:2
FNDA:2,(anonymous_0)
FNDA:1,(anonymous_1)
DA:4,2
DA:5,2
DA:9,1
LF:3
LH:3
BRF:0
BRH:0
end_of_record
TN:
SF:rover/Rover.js
FN:3,(anonymous_0)
FN:9,(anonymous_1)
FN:14,(anonymous_2)
FN:30,(anonymous_3)
FN:44,(anonymous_4)
FNF:5
FNH:5
FNDA:9,(anonymous_0)
FNDA:7,(anonymous_1)
FNDA:4,(anonymous_2)
FNDA:2,(anonymous_3)
FNDA:11,(anonymous_4)
DA:4,9
DA:5,9
DA:6,9
DA:10,7
DA:11,7
DA:15,4
DA:17,1
DA:18,1
DA:20,1
DA:21,1
DA:23,1
DA:24,1
DA:26,1
DA:31,2
DA:33,2
DA:34,1
DA:35,1
DA:36,1
DA:37,1
DA:38,1
DA:40,0
DA:45,11
LF:22
LH:21
BRDA:15,0,0,1
BRDA:15,0,1,1
BRDA:15,0,2,1
BRDA:15,0,3,1
BRDA:33,1,0,1
BRDA:33,1,1,1
BRDA:36,2,0,1
BRDA:36,2,1,0
BRF:8
BRH:7
end_of_record
TN:
SF:stdio/dataValidation.js
FN:3,(anonymous_0)
FN:4,(anonymous_1)
FN:5,(anonymous_2)
FN:9,(anonymous_3)
FN:20,(anonymous_4)
FN:35,(anonymous_5)
FNF:6
FNH:6
FNDA:2,(anonymous_0)
FNDA:2,(anonymous_1)
FNDA:3,(anonymous_2)
FNDA:5,(anonymous_3)
FNDA:3,(anonymous_4)
FNDA:2,(anonymous_5)
DA:2,1
DA:3,2
DA:4,2
DA:6,3
DA:7,3
DA:10,5
DA:11,5
DA:12,5
DA:13,1
DA:15,1
DA:18,4
DA:21,3
DA:22,3
DA:23,3
DA:24,2
DA:25,2
DA:26,1
DA:29,1
DA:31,1
DA:35,1
DA:36,2
DA:37,2
DA:38,2
DA:39,2
DA:40,24
DA:42,19
DA:44,15
DA:45,15
DA:47,2
DA:48,2
DA:50,0
DA:51,0
DA:53,2
DA:54,2
DA:56,19
DA:57,1
DA:58,1
DA:60,18
DA:62,2
DA:63,2
DA:65,3
DA:66,3
DA:69,1
LF:43
LH:41
BRDA:9,0,0,5
BRDA:12,1,0,1
BRDA:12,1,1,4
BRDA:13,2,0,1
BRDA:13,2,1,0
BRDA:13,3,0,1
BRDA:13,3,1,0
BRDA:13,3,2,0
BRDA:13,3,3,0
BRDA:20,4,0,0
BRDA:20,5,0,0
BRDA:23,6,0,2
BRDA:23,6,1,1
BRDA:24,7,0,2
BRDA:24,7,1,0
BRDA:25,8,0,1
BRDA:25,8,1,1
BRDA:40,9,0,19
BRDA:40,9,1,2
BRDA:40,9,2,3
BRDA:42,10,0,15
BRDA:42,10,1,2
BRDA:42,10,2,0
BRDA:42,10,3,2
BRDA:56,11,0,1
BRDA:56,11,1,18
BRDA:56,12,0,19
BRDA:56,12,1,18
BRF:28
BRH:20
end_of_record
